<?xml version="1.0" encoding="utf-8"?><testsuites name="pytest tests"><testsuite name="pytest" errors="0" failures="0" skipped="0" tests="31" time="6.304" timestamp="2026-05-02T12:53:32.618104+00:00" hostname="agent-env-d819dd89-7f6a-44a3-83c3-fdaba3aca926"><testcase classname="backend.tests.backend_test" name="test_health" time="0.283" /><testcase classname="backend.tests.backend_test" name="test_root" time="0.172" /><testcase classname="backend.tests.backend_test" name="test_public_config" time="0.141" /><testcase classname="backend.tests.backend_test" name="test_products_list" time="0.106" /><testcase classname="backend.tests.backend_test" name="test_products_filter_category" time="0.133" /><testcase classname="backend.tests.backend_test" name="test_products_search_q" time="0.163" /><testcase classname="backend.tests.backend_test" name="test_products_price_range_and_sort_asc" time="0.107" /><testcase classname="backend.tests.backend_test" name="test_products_sort_desc_and_name_asc" time="0.210" /><testcase classname="backend.tests.backend_test" name="test_product_detail_404" time="0.103" /><testcase classname="backend.tests.backend_test" name="test_product_detail_ok" time="0.252" /><testcase classname="backend.tests.backend_test" name="test_register_duplicate" time="0.109" /><testcase classname="backend.tests.backend_test" name="test_register_login_me_logout_flow" time="0.445" /><testcase classname="backend.tests.backend_test" name="test_login_wrong_password" time="0.392" /><testcase classname="backend.tests.backend_test" name="test_me_unauthenticated" time="0.112" /><testcase classname="backend.tests.backend_test" name="test_checkout_invalid_phone" time="0.504" /><testcase classname="backend.tests.backend_test" name="test_checkout_invalid_pincode" time="0.181" /><testcase classname="backend.tests.backend_test" name="test_checkout_cod_success_and_stock_decrement" time="0.368" /><testcase classname="backend.tests.backend_test" name="test_checkout_razorpay_mock" time="0.161" /><testcase classname="backend.tests.backend_test" name="test_checkout_insufficient_stock" time="0.311" /><testcase classname="backend.tests.backend_test" name="test_user_orders" time="0.052" /><testcase classname="backend.tests.backend_test" name="test_cancel_order_restores_stock" time="0.921" /><testcase classname="backend.tests.backend_test" name="test_webhook_no_secret_returns_ok_false" time="0.101" /><testcase classname="backend.tests.backend_test" name="test_customer_cannot_access_admin" time="0.052" /><testcase classname="backend.tests.backend_test" name="test_admin_unauthenticated" time="0.103" /><testcase classname="backend.tests.backend_test" name="test_admin_stats" time="0.049" /><testcase classname="backend.tests.backend_test" name="test_admin_orders_list" time="0.043" /><testcase classname="backend.tests.backend_test" name="test_admin_order_detail" time="0.135" /><testcase classname="backend.tests.backend_test" name="test_admin_customers" time="0.046" /><testcase classname="backend.tests.backend_test" name="test_admin_export_orders_csv" time="0.052" /><testcase classname="backend.tests.backend_test" name="test_admin_csv_requires_admin" time="0.055" /><testcase classname="backend.tests.backend_test" name="test_admin_product_crud" time="0.344" /></testsuite></testsuites>