<?xml version="1.0" encoding="utf-8"?><testsuites name="pytest tests"><testsuite name="pytest" errors="1" failures="5" skipped="0" tests="18" time="4.757" timestamp="2026-05-02T12:17:51.839777+00:00" hostname="agent-env-58839ae7-658b-4416-8477-a3548a2daa01"><testcase classname="backend.tests.backend_test" name="test_health" time="0.313" /><testcase classname="backend.tests.backend_test" name="test_products_list" time="0.125"><failure message="AssertionError: assert ('id' in {'category': 'Ganga Jal', 'created_at': '2026-05-02T12:09:54.408000', 'description': 'Authentic Ganga Jal sourced from Haridwar. Sealed for purity.', 'featured': True, ...})">backend/tests/backend_test.py:66: in test_products_list
    assert "id" in data[0] and "name" in data[0] and "price" in data[0]
E   AssertionError: assert ('id' in {'category': 'Ganga Jal', 'created_at': '2026-05-02T12:09:54.408000', 'description': 'Authentic Ganga Jal sourced from Haridwar. Sealed for purity.', 'featured': True, ...})</failure></testcase><testcase classname="backend.tests.backend_test" name="test_products_filter_category" time="0.174" /><testcase classname="backend.tests.backend_test" name="test_products_search" time="0.186" /><testcase classname="backend.tests.backend_test" name="test_register_duplicate" time="0.250"><failure message="assert 422 in (400, 409)&#10; +  where 422 = &lt;Response [422]&gt;.status_code">backend/tests/backend_test.py:87: in test_register_duplicate
    assert r.status_code in (400, 409)
E   assert 422 in (400, 409)
E    +  where 422 = &lt;Response [422]&gt;.status_code</failure></testcase><testcase classname="backend.tests.backend_test" name="test_register_new_then_me" time="0.475" /><testcase classname="backend.tests.backend_test" name="test_login_wrong_password" time="0.406" /><testcase classname="backend.tests.backend_test" name="test_me_with_cookie" time="0.926" /><testcase classname="backend.tests.backend_test" name="test_logout" time="0.448" /><testcase classname="backend.tests.backend_test" name="test_customer_cannot_create_product" time="0.506" /><testcase classname="backend.tests.backend_test" name="test_admin_update_product" time="0.061"><error message="failed on setup with &quot;AssertionError: assert 'id' in {'category': 'Idols', 'created_at': '2026-05-02T12:17:55.950928+00:00', 'description': 'test product', 'featured': False, ...}&quot;">backend/tests/backend_test.py:145: in created_product
    assert "id" in p
E   AssertionError: assert 'id' in {'category': 'Idols', 'created_at': '2026-05-02T12:17:55.950928+00:00', 'description': 'test product', 'featured': False, ...}</error></testcase><testcase classname="backend.tests.backend_test" name="test_admin_delete_product" time="0.054"><failure message="KeyError: 'id'">backend/tests/backend_test.py:163: in test_admin_delete_product
    pid = r.json()["id"]
          ^^^^^^^^^^^^^^
E   KeyError: 'id'</failure></testcase><testcase classname="backend.tests.backend_test" name="test_checkout_cod" time="0.125"><failure message="KeyError: 'id'">backend/tests/backend_test.py:186: in test_checkout_cod
    items = [{"product_id": p["id"], "quantity": 2}]
                            ^^^^^^^
E   KeyError: 'id'</failure></testcase><testcase classname="backend.tests.backend_test" name="test_checkout_razorpay_mock" time="0.131"><failure message="KeyError: 'id'">backend/tests/backend_test.py:196: in test_checkout_razorpay_mock
    items = [{"product_id": p["id"], "quantity": 1}]
                            ^^^^^^^
E   KeyError: 'id'</failure></testcase><testcase classname="backend.tests.backend_test" name="test_user_orders" time="0.059" /><testcase classname="backend.tests.backend_test" name="test_admin_orders_and_status" time="0.061" /><testcase classname="backend.tests.backend_test" name="test_admin_stats" time="0.083" /><testcase classname="backend.tests.backend_test" name="test_customer_cannot_access_admin" time="0.057" /></testsuite></testsuites>